zProgressHUD/build/intermediates/manifest_merge_blame_file/debug/manifest-merger-blame-debug-report.txt
1<?xml version="1.0" encoding="utf-8"?>
2<manifest xmlns:android="http://schemas.android.com/apk/res/android"
3    xmlns:tools="http://schemas.android.com/tools"
4    package="com.example.zprogresshud"
5    android:versionCode="1"
6    android:versionName="1.0" >
7
8    <uses-sdk
9        android:minSdkVersion="8"
9-->src\main\AndroidManifest.xml
10        android:targetSdkVersion="30" />
10-->src\main\AndroidManifest.xml
11
12    <!-- <uses-sdk android:targetSdkVersion="17" /> -->
13    <application
13-->src\main\AndroidManifest.xml:9:5-15:19
14        android:allowBackup="true"
14-->src\main\AndroidManifest.xml:10:9-35
15        android:label="@string/app_name"
15-->src\main\AndroidManifest.xml:11:9-41
16        android:theme="@style/AppTheme" >
16-->src\main\AndroidManifest.xml:12:9-40
17    </application>
18
19</manifest>